<?xml version="1.0" encoding="UTF-8"?>
<!-- Generated by org.testng.reporters.JUnitXMLReporter -->
<testsuite hostname="LP-PF2YWNSQ" ignored="0" name="Default test" tests="2" failures="1" timestamp="24 Aug 2021 07:11:52 GMT" time="112.274" errors="0">
  <testcase name="runScenario" time="25.583" classname="io.cucumber.testng.AbstractTestNGCucumberTests">
    <failure type="org.openqa.selenium.ElementClickInterceptedException" message="element click intercepted: Element &amp;lt;input type=&amp;quot;submit&amp;quot; id=&amp;quot;idSIButton9&amp;quot; class=&amp;quot;win-button button_primary button ext-button primary ext-primary&amp;quot; data-bind=&amp;quot;
            attr: primaryButtonAttributes,
            externalCss: {
                &amp;apos;button&amp;apos;: true,
                &amp;apos;primary&amp;apos;: true },
            value: primaryButtonText() || str[&amp;apos;CT_PWD_STR_SignIn_Button_Next&amp;apos;],
            hasFocus: focusOnPrimaryButton,
            click: primaryButton_onClick,
            enable: isPrimaryButtonEnabled,
            visible: isPrimaryButtonVisible,
            preventTabbing: primaryButtonPreventTabbing&amp;quot; value=&amp;quot;Next&amp;quot; disabled=&amp;quot;&amp;quot;&amp;gt; is not clickable at point (631, 240). Other element would receive the click: &amp;lt;div class=&amp;quot;lightbox-cover disable-lightbox&amp;quot; data-bind=&amp;quot;css: { &amp;apos;disable-lightbox&amp;apos;: svr.fAllowGrayOutLightBox &amp;amp;amp;&amp;amp;amp; showLightboxProgress() }&amp;quot;&amp;gt;&amp;lt;/div&amp;gt;
  (Session info: chrome=92.0.4515.159)
Build info: version: &amp;apos;3.8.0&amp;apos;, revision: &amp;apos;924c4067df&amp;apos;, time: &amp;apos;2017-11-30T11:20:39.408Z&amp;apos;
System info: host: &amp;apos;LP-PF2YWNSQ&amp;apos;, ip: &amp;apos;192.168.43.160&amp;apos;, os.name: &amp;apos;Windows 10&amp;apos;, os.arch: &amp;apos;amd64&amp;apos;, os.version: &amp;apos;10.0&amp;apos;, java.version: &amp;apos;1.8.0_181&amp;apos;
Driver info: org.openqa.selenium.chrome.ChromeDriver
Capabilities {acceptInsecureCerts: false, browserName: chrome, browserVersion: 92.0.4515.159, chrome: {chromedriverVersion: 92.0.4515.43 (8c61b7e2989f2..., userDataDir: C:\Users\MOUNIK~1.VAR\AppDa...}, goog:chromeOptions: {debuggerAddress: localhost:65475}, javascriptEnabled: true, networkConnectionEnabled: false, pageLoadStrategy: normal, platform: WINDOWS, platformName: WINDOWS, proxy: Proxy(), setWindowRect: true, strictFileInteractability: false, timeouts: {implicit: 0, pageLoad: 300000, script: 30000}, unhandledPromptBehavior: dismiss and notify, webauthn:extension:credBlob: true, webauthn:extension:largeBlob: true, webauthn:virtualAuthenticators: true}
Session ID: 1ece89fa9d7a51402e5abb8a8d0fd3ef">
      <![CDATA[org.openqa.selenium.ElementClickInterceptedException: element click intercepted: Element <input type="submit" id="idSIButton9" class="win-button button_primary button ext-button primary ext-primary" data-bind="
            attr: primaryButtonAttributes,
            externalCss: {
                'button': true,
                'primary': true },
            value: primaryButtonText() || str['CT_PWD_STR_SignIn_Button_Next'],
            hasFocus: focusOnPrimaryButton,
            click: primaryButton_onClick,
            enable: isPrimaryButtonEnabled,
            visible: isPrimaryButtonVisible,
            preventTabbing: primaryButtonPreventTabbing" value="Next" disabled=""> is not clickable at point (631, 240). Other element would receive the click: <div class="lightbox-cover disable-lightbox" data-bind="css: { 'disable-lightbox': svr.fAllowGrayOutLightBox &amp;&amp; showLightboxProgress() }"></div>
  (Session info: chrome=92.0.4515.159)
Build info: version: '3.8.0', revision: '924c4067df', time: '2017-11-30T11:20:39.408Z'
System info: host: 'LP-PF2YWNSQ', ip: '192.168.43.160', os.name: 'Windows 10', os.arch: 'amd64', os.version: '10.0', java.version: '1.8.0_181'
Driver info: org.openqa.selenium.chrome.ChromeDriver
Capabilities {acceptInsecureCerts: false, browserName: chrome, browserVersion: 92.0.4515.159, chrome: {chromedriverVersion: 92.0.4515.43 (8c61b7e2989f2..., userDataDir: C:\Users\MOUNIK~1.VAR\AppDa...}, goog:chromeOptions: {debuggerAddress: localhost:65475}, javascriptEnabled: true, networkConnectionEnabled: false, pageLoadStrategy: normal, platform: WINDOWS, platformName: WINDOWS, proxy: Proxy(), setWindowRect: true, strictFileInteractability: false, timeouts: {implicit: 0, pageLoad: 300000, script: 30000}, unhandledPromptBehavior: dismiss and notify, webauthn:extension:credBlob: true, webauthn:extension:largeBlob: true, webauthn:virtualAuthenticators: true}
Session ID: 1ece89fa9d7a51402e5abb8a8d0fd3ef
	at sun.reflect.NativeConstructorAccessorImpl.newInstance0(Native Method)
	at sun.reflect.NativeConstructorAccessorImpl.newInstance(Unknown Source)
	at sun.reflect.DelegatingConstructorAccessorImpl.newInstance(Unknown Source)
	at java.lang.reflect.Constructor.newInstance(Unknown Source)
	at org.openqa.selenium.remote.http.W3CHttpResponseCodec.createException(W3CHttpResponseCodec.java:187)
	at org.openqa.selenium.remote.http.W3CHttpResponseCodec.decode(W3CHttpResponseCodec.java:122)
	at org.openqa.selenium.remote.http.W3CHttpResponseCodec.decode(W3CHttpResponseCodec.java:49)
	at org.openqa.selenium.remote.HttpCommandExecutor.execute(HttpCommandExecutor.java:164)
	at org.openqa.selenium.remote.service.DriverCommandExecutor.execute(DriverCommandExecutor.java:83)
	at org.openqa.selenium.remote.RemoteWebDriver.execute(RemoteWebDriver.java:601)
	at org.openqa.selenium.remote.RemoteWebElement.execute(RemoteWebElement.java:279)
	at org.openqa.selenium.remote.RemoteWebElement.click(RemoteWebElement.java:83)
	at Scenariofirst.Scene1.Login_success(Scene1.java:44)
	at âœ½.Login success(file:///C:/eclipse-work/BDDCucumber/Cucumber/First.feature:5)
]]>
    </failure>
  </testcase> <!-- runScenario -->
  <testcase name="runScenario" time="86.249" classname="io.cucumber.testng.AbstractTestNGCucumberTests"/>
</testsuite> <!-- Default test -->
